[2022-02-15 14:18:12] local.INFO: Message-ID: <c7e94dbbd68d0f184c07d38443eaf6e6@swift.generated>
Date: Tue, 15 Feb 2022 14:18:12 +0000
Subject: Test Email
From: Kasim C <14co19@gmail.com>
To: 056JUKFCR9@gmail.com
MIME-Version: 1.0
Content-Type: text/html; charset=utf-8
Content-Transfer-Encoding: quoted-printable
  
[2022-02-15 14:18:16] local.INFO: Message-ID: <ab7e0370d88913a3a5bc7b028bf50f42@swift.generated>
Date: Tue, 15 Feb 2022 14:18:16 +0000
Subject: Test Email
From: Kasim C <14co19@gmail.com>
To: 07f2OIPxo7@gmail.com
MIME-Version: 1.0
Content-Type: text/html; charset=utf-8
Content-Transfer-Encoding: quoted-printable
  
[2022-02-15 14:18:20] local.INFO: Message-ID: <47368b8e7a7a19f0f1814014b97100f3@swift.generated>
Date: Tue, 15 Feb 2022 14:18:20 +0000
Subject: Test Email
From: Kasim C <14co19@gmail.com>
To: 08himHcHNB@gmail.com
MIME-Version: 1.0
Content-Type: text/html; charset=utf-8
Content-Transfer-Encoding: quoted-printable
  
[2022-02-15 14:18:23] local.INFO: Message-ID: <7856eeb0fdf4ddceb83945ab6eecce97@swift.generated>
Date: Tue, 15 Feb 2022 14:18:23 +0000
Subject: Test Email
From: Kasim C <14co19@gmail.com>
To: 08JWA6vF1a@gmail.com
MIME-Version: 1.0
Content-Type: text/html; charset=utf-8
Content-Transfer-Encoding: quoted-printable
  
[2022-02-15 14:18:27] local.INFO: Message-ID: <fe3e321504b2c7b347f2a3a9d2c0ce78@swift.generated>
Date: Tue, 15 Feb 2022 14:18:27 +0000
Subject: Test Email
From: Kasim C <14co19@gmail.com>
To: 0BjzftVB6g@gmail.com
MIME-Version: 1.0
Content-Type: text/html; charset=utf-8
Content-Transfer-Encoding: quoted-printable
  
[2022-02-15 14:18:31] local.INFO: Message-ID: <8f613c4be788f5eae1b1a259e6110c9d@swift.generated>
Date: Tue, 15 Feb 2022 14:18:31 +0000
Subject: Test Email
From: Kasim C <14co19@gmail.com>
To: 0gVdkFNa2N@gmail.com
MIME-Version: 1.0
Content-Type: text/html; charset=utf-8
Content-Transfer-Encoding: quoted-printable
  
[2022-02-15 14:18:34] local.INFO: Message-ID: <616d7d1419d774387b272693e23274e7@swift.generated>
Date: Tue, 15 Feb 2022 14:18:34 +0000
Subject: Test Email
From: Kasim C <14co19@gmail.com>
To: 0hDnYGIxwm@gmail.com
MIME-Version: 1.0
Content-Type: text/html; charset=utf-8
Content-Transfer-Encoding: quoted-printable
  
[2022-02-15 14:18:38] local.INFO: Message-ID: <fb62a1a74969d76be663d24c7a3f91af@swift.generated>
Date: Tue, 15 Feb 2022 14:18:38 +0000
Subject: Test Email
From: Kasim C <14co19@gmail.com>
To: 0IxxZ9GjBz@gmail.com
MIME-Version: 1.0
Content-Type: text/html; charset=utf-8
Content-Transfer-Encoding: quoted-printable
  
[2022-02-15 14:18:41] local.INFO: Message-ID: <00b9a4a21ac4ebddd5250b133f132b42@swift.generated>
Date: Tue, 15 Feb 2022 14:18:41 +0000
Subject: Test Email
From: Kasim C <14co19@gmail.com>
To: 0KaNjb4CW1@gmail.com
MIME-Version: 1.0
Content-Type: text/html; charset=utf-8
Content-Transfer-Encoding: quoted-printable
  
[2022-02-15 14:18:45] local.INFO: Message-ID: <c7ad889060152226256d17bb8dffbfd7@swift.generated>
Date: Tue, 15 Feb 2022 14:18:45 +0000
Subject: Test Email
From: Kasim C <14co19@gmail.com>
To: 0KaoPbprXs@gmail.com
MIME-Version: 1.0
Content-Type: text/html; charset=utf-8
Content-Transfer-Encoding: quoted-printable
  
[2022-02-15 14:18:48] local.INFO: Message-ID: <4708995d8b4b2c059858b3c41f477e86@swift.generated>
Date: Tue, 15 Feb 2022 14:18:48 +0000
Subject: Test Email
From: Kasim C <14co19@gmail.com>
To: 0QFqt7ICbn@gmail.com
MIME-Version: 1.0
Content-Type: text/html; charset=utf-8
Content-Transfer-Encoding: quoted-printable
  
[2022-02-15 14:18:52] local.INFO: Message-ID: <4734d45428310dca036aa6525089ef02@swift.generated>
Date: Tue, 15 Feb 2022 14:18:52 +0000
Subject: Test Email
From: Kasim C <14co19@gmail.com>
To: 0REoiGuJYx@gmail.com
MIME-Version: 1.0
Content-Type: text/html; charset=utf-8
Content-Transfer-Encoding: quoted-printable
  
[2022-02-15 14:18:56] local.INFO: Message-ID: <7324dc9cc24a73dc0e682e783e7fbf0a@swift.generated>
Date: Tue, 15 Feb 2022 14:18:56 +0000
Subject: Test Email
From: Kasim C <14co19@gmail.com>
To: 0WViU3s5XW@gmail.com
MIME-Version: 1.0
Content-Type: text/html; charset=utf-8
Content-Transfer-Encoding: quoted-printable
  
[2022-02-15 14:19:00] local.INFO: Message-ID: <3174ebed414b4c066a0d19d6a881193c@swift.generated>
Date: Tue, 15 Feb 2022 14:19:00 +0000
Subject: Test Email
From: Kasim C <14co19@gmail.com>
To: 0yvHvebEM2@gmail.com
MIME-Version: 1.0
Content-Type: text/html; charset=utf-8
Content-Transfer-Encoding: quoted-printable
  
[2022-02-15 14:19:03] local.INFO: Message-ID: <340ef7ed23f4de6a13fcdcd71967d6fb@swift.generated>
Date: Tue, 15 Feb 2022 14:19:03 +0000
Subject: Test Email
From: Kasim C <14co19@gmail.com>
To: 1BrIV2YuxJ@gmail.com
MIME-Version: 1.0
Content-Type: text/html; charset=utf-8
Content-Transfer-Encoding: quoted-printable
  
[2022-02-15 14:19:07] local.INFO: Message-ID: <49493295c6e885b9097bf3c820e75416@swift.generated>
Date: Tue, 15 Feb 2022 14:19:07 +0000
Subject: Test Email
From: Kasim C <14co19@gmail.com>
To: 1cumKC1GvG@gmail.com
MIME-Version: 1.0
Content-Type: text/html; charset=utf-8
Content-Transfer-Encoding: quoted-printable
  
[2022-02-15 14:19:10] local.INFO: Message-ID: <7c681dc77d9bc8c62db000c394932c5d@swift.generated>
Date: Tue, 15 Feb 2022 14:19:10 +0000
Subject: Test Email
From: Kasim C <14co19@gmail.com>
To: 1ez4u4FcTd@gmail.com
MIME-Version: 1.0
Content-Type: text/html; charset=utf-8
Content-Transfer-Encoding: quoted-printable
  
[2022-02-15 14:19:14] local.INFO: Message-ID: <708d0d81462e3fc63aaf568bfa150ffa@swift.generated>
Date: Tue, 15 Feb 2022 14:19:14 +0000
Subject: Test Email
From: Kasim C <14co19@gmail.com>
To: 1foDtxw4hz@gmail.com
MIME-Version: 1.0
Content-Type: text/html; charset=utf-8
Content-Transfer-Encoding: quoted-printable
  
[2022-02-15 14:19:17] local.INFO: Message-ID: <fb40003a2b0d13135c62e7e6034acc61@swift.generated>
Date: Tue, 15 Feb 2022 14:19:17 +0000
Subject: Test Email
From: Kasim C <14co19@gmail.com>
To: 1JF8f1x6wq@gmail.com
MIME-Version: 1.0
Content-Type: text/html; charset=utf-8
Content-Transfer-Encoding: quoted-printable
  
[2022-02-15 14:19:21] local.INFO: Message-ID: <19f28abfc9db137f6cb3eee3f795d371@swift.generated>
Date: Tue, 15 Feb 2022 14:19:21 +0000
Subject: Test Email
From: Kasim C <14co19@gmail.com>
To: 1lKdCk6IUX@gmail.com
MIME-Version: 1.0
Content-Type: text/html; charset=utf-8
Content-Transfer-Encoding: quoted-printable
  
[2022-02-15 14:19:24] local.INFO: Message-ID: <17e28dd93dac91468bbd70af22126481@swift.generated>
Date: Tue, 15 Feb 2022 14:19:24 +0000
Subject: Test Email
From: Kasim C <14co19@gmail.com>
To: 1omGEWAk7i@gmail.com
MIME-Version: 1.0
Content-Type: text/html; charset=utf-8
Content-Transfer-Encoding: quoted-printable
  
[2022-02-15 14:19:28] local.INFO: Message-ID: <2a70762e17865daeced1a22a9fabc24b@swift.generated>
Date: Tue, 15 Feb 2022 14:19:28 +0000
Subject: Test Email
From: Kasim C <14co19@gmail.com>
To: 1ouvuQC894@gmail.com
MIME-Version: 1.0
Content-Type: text/html; charset=utf-8
Content-Transfer-Encoding: quoted-printable
  
[2022-02-15 14:19:31] local.INFO: Message-ID: <fa5a349d968355f94adcc09d8eca8fb5@swift.generated>
Date: Tue, 15 Feb 2022 14:19:31 +0000
Subject: Test Email
From: Kasim C <14co19@gmail.com>
To: 1piNkUZQHR@gmail.com
MIME-Version: 1.0
Content-Type: text/html; charset=utf-8
Content-Transfer-Encoding: quoted-printable
  
[2022-02-15 14:19:35] local.INFO: Message-ID: <5f6dbe5805ff5442b205a56cd5f28074@swift.generated>
Date: Tue, 15 Feb 2022 14:19:35 +0000
Subject: Test Email
From: Kasim C <14co19@gmail.com>
To: 1s9A3VhD8s@gmail.com
MIME-Version: 1.0
Content-Type: text/html; charset=utf-8
Content-Transfer-Encoding: quoted-printable
  
[2022-02-15 14:19:38] local.INFO: Message-ID: <672060cc931d685fa1148a245b8af2c8@swift.generated>
Date: Tue, 15 Feb 2022 14:19:38 +0000
Subject: Test Email
From: Kasim C <14co19@gmail.com>
To: 1zKdbRO9v4@gmail.com
MIME-Version: 1.0
Content-Type: text/html; charset=utf-8
Content-Transfer-Encoding: quoted-printable
  
[2022-02-15 14:19:42] local.INFO: Message-ID: <38bf128d1620e0544715e61a89073995@swift.generated>
Date: Tue, 15 Feb 2022 14:19:42 +0000
Subject: Test Email
From: Kasim C <14co19@gmail.com>
To: 28v1gll8ew@gmail.com
MIME-Version: 1.0
Content-Type: text/html; charset=utf-8
Content-Transfer-Encoding: quoted-printable
  
[2022-02-15 14:19:45] local.INFO: Message-ID: <9a534d159505640b67e5964617d35373@swift.generated>
Date: Tue, 15 Feb 2022 14:19:45 +0000
Subject: Test Email
From: Kasim C <14co19@gmail.com>
To: 2dUZVEmVQY@gmail.com
MIME-Version: 1.0
Content-Type: text/html; charset=utf-8
Content-Transfer-Encoding: quoted-printable
  
[2022-02-15 14:19:49] local.INFO: Message-ID: <db8a12f4c6c1b64a26183f11dfde17be@swift.generated>
Date: Tue, 15 Feb 2022 14:19:49 +0000
Subject: Test Email
From: Kasim C <14co19@gmail.com>
To: 2g9X1dkVVX@gmail.com
MIME-Version: 1.0
Content-Type: text/html; charset=utf-8
Content-Transfer-Encoding: quoted-printable
  
[2022-02-15 14:19:53] local.INFO: Message-ID: <01998ceee5d0d24756e245c73cd40bd0@swift.generated>
Date: Tue, 15 Feb 2022 14:19:53 +0000
Subject: Test Email
From: Kasim C <14co19@gmail.com>
To: 2gKIqAoqax@gmail.com
MIME-Version: 1.0
Content-Type: text/html; charset=utf-8
Content-Transfer-Encoding: quoted-printable
  
[2022-02-15 14:19:56] local.INFO: Message-ID: <24c6ccd84d6ef5e0d53a0519bf492f7b@swift.generated>
Date: Tue, 15 Feb 2022 14:19:56 +0000
Subject: Test Email
From: Kasim C <14co19@gmail.com>
To: 2GytCvJ1sE@gmail.com
MIME-Version: 1.0
Content-Type: text/html; charset=utf-8
Content-Transfer-Encoding: quoted-printable
  
[2022-02-15 14:20:00] local.INFO: Message-ID: <b68a2906ec12ec2326e6bf8212551ea8@swift.generated>
Date: Tue, 15 Feb 2022 14:20:00 +0000
Subject: Test Email
From: Kasim C <14co19@gmail.com>
To: 2HQcWLxO7V@gmail.com
MIME-Version: 1.0
Content-Type: text/html; charset=utf-8
Content-Transfer-Encoding: quoted-printable
  
[2022-02-15 14:20:04] local.INFO: Message-ID: <bbb6e62b0648aba3c6e9e107242ae815@swift.generated>
Date: Tue, 15 Feb 2022 14:20:04 +0000
Subject: Test Email
From: Kasim C <14co19@gmail.com>
To: 2ImtnWXUS5@gmail.com
MIME-Version: 1.0
Content-Type: text/html; charset=utf-8
Content-Transfer-Encoding: quoted-printable
  
[2022-02-15 14:20:07] local.INFO: Message-ID: <cd67738e5ff5cd61540696e38570fc4f@swift.generated>
Date: Tue, 15 Feb 2022 14:20:07 +0000
Subject: Test Email
From: Kasim C <14co19@gmail.com>
To: 2iTPZcDRmd@gmail.com
MIME-Version: 1.0
Content-Type: text/html; charset=utf-8
Content-Transfer-Encoding: quoted-printable
  
[2022-02-15 14:20:10] local.INFO: Message-ID: <c3c8073e1b0c6354e83c89a266c4a918@swift.generated>
Date: Tue, 15 Feb 2022 14:20:10 +0000
Subject: Test Email
From: Kasim C <14co19@gmail.com>
To: 2jFlpkYkuD@gmail.com
MIME-Version: 1.0
Content-Type: text/html; charset=utf-8
Content-Transfer-Encoding: quoted-printable
  
[2022-02-15 14:20:14] local.INFO: Message-ID: <285f378678196c72673283bfc457ffab@swift.generated>
Date: Tue, 15 Feb 2022 14:20:14 +0000
Subject: Test Email
From: Kasim C <14co19@gmail.com>
To: 2jpYbrlyX6@gmail.com
MIME-Version: 1.0
Content-Type: text/html; charset=utf-8
Content-Transfer-Encoding: quoted-printable
  
[2022-02-15 14:20:17] local.INFO: Message-ID: <9773a1795b913db85de5f4c5486c314c@swift.generated>
Date: Tue, 15 Feb 2022 14:20:17 +0000
Subject: Test Email
From: Kasim C <14co19@gmail.com>
To: 2LY30eyv4V@gmail.com
MIME-Version: 1.0
Content-Type: text/html; charset=utf-8
Content-Transfer-Encoding: quoted-printable
  
[2022-02-15 14:20:21] local.INFO: Message-ID: <87b56328753e29925d20e5857ea1b5dd@swift.generated>
Date: Tue, 15 Feb 2022 14:20:21 +0000
Subject: Test Email
From: Kasim C <14co19@gmail.com>
To: 2OMy8nByPj@gmail.com
MIME-Version: 1.0
Content-Type: text/html; charset=utf-8
Content-Transfer-Encoding: quoted-printable
  
[2022-02-15 14:20:24] local.INFO: Message-ID: <7715ba845da63fcd1fb483b1822b3418@swift.generated>
Date: Tue, 15 Feb 2022 14:20:24 +0000
Subject: Test Email
From: Kasim C <14co19@gmail.com>
To: 2sKOvrht42@gmail.com
MIME-Version: 1.0
Content-Type: text/html; charset=utf-8
Content-Transfer-Encoding: quoted-printable
  
[2022-02-15 14:20:27] local.ERROR: Expected response code 354 but got code "550", with message "550 5.4.5 Daily user sending quota exceeded. t7sm39442659pfj.138 - gsmtp
" {"exception":"[object] (Swift_TransportException(code: 550): Expected response code 354 but got code \"550\", with message \"550 5.4.5 Daily user sending quota exceeded. t7sm39442659pfj.138 - gsmtp
\" at C:\\xampp\\htdocs\\email-sender\\vendor\\swiftmailer\\swiftmailer\\lib\\classes\\Swift\\Transport\\AbstractSmtpTransport.php:459)
[stacktrace]
#0 C:\\xampp\\htdocs\\email-sender\\vendor\\swiftmailer\\swiftmailer\\lib\\classes\\Swift\\Transport\\AbstractSmtpTransport.php(344): Swift_Transport_AbstractSmtpTransport->assertResponseCode('550 5.4.5 Daily...', Array)
#1 C:\\xampp\\htdocs\\email-sender\\vendor\\swiftmailer\\swiftmailer\\lib\\classes\\Swift\\Transport\\EsmtpTransport.php(305): Swift_Transport_AbstractSmtpTransport->executeCommand('DATA\\
', Array, Array, false, NULL)
#2 C:\\xampp\\htdocs\\email-sender\\vendor\\swiftmailer\\swiftmailer\\lib\\classes\\Swift\\Transport\\AbstractSmtpTransport.php(392): Swift_Transport_EsmtpTransport->executeCommand('DATA\\
', Array, Array)
#3 C:\\xampp\\htdocs\\email-sender\\vendor\\swiftmailer\\swiftmailer\\lib\\classes\\Swift\\Transport\\AbstractSmtpTransport.php(499): Swift_Transport_AbstractSmtpTransport->doDataCommand(Array)
#4 C:\\xampp\\htdocs\\email-sender\\vendor\\swiftmailer\\swiftmailer\\lib\\classes\\Swift\\Transport\\AbstractSmtpTransport.php(518): Swift_Transport_AbstractSmtpTransport->doMailTransaction(Object(Swift_Message), '14co19@gmail.co...', Array, Array)
#5 C:\\xampp\\htdocs\\email-sender\\vendor\\swiftmailer\\swiftmailer\\lib\\classes\\Swift\\Transport\\AbstractSmtpTransport.php(206): Swift_Transport_AbstractSmtpTransport->sendTo(Object(Swift_Message), '14co19@gmail.co...', Array, Array)
#6 C:\\xampp\\htdocs\\email-sender\\vendor\\swiftmailer\\swiftmailer\\lib\\classes\\Swift\\Mailer.php(71): Swift_Transport_AbstractSmtpTransport->send(Object(Swift_Message), Array)
#7 C:\\xampp\\htdocs\\email-sender\\vendor\\laravel\\framework\\src\\Illuminate\\Mail\\Mailer.php(521): Swift_Mailer->send(Object(Swift_Message), Array)
#8 C:\\xampp\\htdocs\\email-sender\\vendor\\laravel\\framework\\src\\Illuminate\\Mail\\Mailer.php(288): Illuminate\\Mail\\Mailer->sendSwiftMessage(Object(Swift_Message))
#9 C:\\xampp\\htdocs\\email-sender\\vendor\\laravel\\framework\\src\\Illuminate\\Mail\\Mailable.php(187): Illuminate\\Mail\\Mailer->send('templates.userM...', Array, Object(Closure))
#10 C:\\xampp\\htdocs\\email-sender\\vendor\\laravel\\framework\\src\\Illuminate\\Support\\Traits\\Localizable.php(19): Illuminate\\Mail\\Mailable->Illuminate\\Mail\\{closure}()
#11 C:\\xampp\\htdocs\\email-sender\\vendor\\laravel\\framework\\src\\Illuminate\\Mail\\Mailable.php(188): Illuminate\\Mail\\Mailable->withLocale(NULL, Object(Closure))
#12 C:\\xampp\\htdocs\\email-sender\\vendor\\laravel\\framework\\src\\Illuminate\\Mail\\Mailer.php(304): Illuminate\\Mail\\Mailable->send(Object(Illuminate\\Mail\\Mailer))
#13 C:\\xampp\\htdocs\\email-sender\\vendor\\laravel\\framework\\src\\Illuminate\\Mail\\Mailer.php(258): Illuminate\\Mail\\Mailer->sendMailable(Object(App\\Mail\\UsersTestMail))
#14 C:\\xampp\\htdocs\\email-sender\\vendor\\laravel\\framework\\src\\Illuminate\\Mail\\PendingMail.php(124): Illuminate\\Mail\\Mailer->send(Object(App\\Mail\\UsersTestMail))
#15 C:\\xampp\\htdocs\\email-sender\\app\\Jobs\\SendEmail.php(41): Illuminate\\Mail\\PendingMail->send(Object(App\\Mail\\UsersTestMail))
#16 C:\\xampp\\htdocs\\email-sender\\vendor\\laravel\\framework\\src\\Illuminate\\Container\\BoundMethod.php(36): App\\Jobs\\SendEmail->handle()
#17 C:\\xampp\\htdocs\\email-sender\\vendor\\laravel\\framework\\src\\Illuminate\\Container\\Util.php(40): Illuminate\\Container\\BoundMethod::Illuminate\\Container\\{closure}()
#18 C:\\xampp\\htdocs\\email-sender\\vendor\\laravel\\framework\\src\\Illuminate\\Container\\BoundMethod.php(93): Illuminate\\Container\\Util::unwrapIfClosure(Object(Closure))
#19 C:\\xampp\\htdocs\\email-sender\\vendor\\laravel\\framework\\src\\Illuminate\\Container\\BoundMethod.php(37): Illuminate\\Container\\BoundMethod::callBoundMethod(Object(Illuminate\\Foundation\\Application), Array, Object(Closure))
#20 C:\\xampp\\htdocs\\email-sender\\vendor\\laravel\\framework\\src\\Illuminate\\Container\\Container.php(653): Illuminate\\Container\\BoundMethod::call(Object(Illuminate\\Foundation\\Application), Array, Array, NULL)
#21 C:\\xampp\\htdocs\\email-sender\\vendor\\laravel\\framework\\src\\Illuminate\\Bus\\Dispatcher.php(128): Illuminate\\Container\\Container->call(Array)
#22 C:\\xampp\\htdocs\\email-sender\\vendor\\laravel\\framework\\src\\Illuminate\\Pipeline\\Pipeline.php(128): Illuminate\\Bus\\Dispatcher->Illuminate\\Bus\\{closure}(Object(App\\Jobs\\SendEmail))
#23 C:\\xampp\\htdocs\\email-sender\\vendor\\laravel\\framework\\src\\Illuminate\\Pipeline\\Pipeline.php(103): Illuminate\\Pipeline\\Pipeline->Illuminate\\Pipeline\\{closure}(Object(App\\Jobs\\SendEmail))
#24 C:\\xampp\\htdocs\\email-sender\\vendor\\laravel\\framework\\src\\Illuminate\\Bus\\Dispatcher.php(132): Illuminate\\Pipeline\\Pipeline->then(Object(Closure))
#25 C:\\xampp\\htdocs\\email-sender\\vendor\\laravel\\framework\\src\\Illuminate\\Queue\\CallQueuedHandler.php(120): Illuminate\\Bus\\Dispatcher->dispatchNow(Object(App\\Jobs\\SendEmail), false)
#26 C:\\xampp\\htdocs\\email-sender\\vendor\\laravel\\framework\\src\\Illuminate\\Pipeline\\Pipeline.php(128): Illuminate\\Queue\\CallQueuedHandler->Illuminate\\Queue\\{closure}(Object(App\\Jobs\\SendEmail))
#27 C:\\xampp\\htdocs\\email-sender\\vendor\\laravel\\framework\\src\\Illuminate\\Pipeline\\Pipeline.php(103): Illuminate\\Pipeline\\Pipeline->Illuminate\\Pipeline\\{closure}(Object(App\\Jobs\\SendEmail))
#28 C:\\xampp\\htdocs\\email-sender\\vendor\\laravel\\framework\\src\\Illuminate\\Queue\\CallQueuedHandler.php(122): Illuminate\\Pipeline\\Pipeline->then(Object(Closure))
#29 C:\\xampp\\htdocs\\email-sender\\vendor\\laravel\\framework\\src\\Illuminate\\Queue\\CallQueuedHandler.php(70): Illuminate\\Queue\\CallQueuedHandler->dispatchThroughMiddleware(Object(Illuminate\\Queue\\Jobs\\DatabaseJob), Object(App\\Jobs\\SendEmail))
#30 C:\\xampp\\htdocs\\email-sender\\vendor\\laravel\\framework\\src\\Illuminate\\Queue\\Jobs\\Job.php(98): Illuminate\\Queue\\CallQueuedHandler->call(Object(Illuminate\\Queue\\Jobs\\DatabaseJob), Array)
#31 C:\\xampp\\htdocs\\email-sender\\vendor\\laravel\\framework\\src\\Illuminate\\Queue\\Worker.php(428): Illuminate\\Queue\\Jobs\\Job->fire()
#32 C:\\xampp\\htdocs\\email-sender\\vendor\\laravel\\framework\\src\\Illuminate\\Queue\\Worker.php(378): Illuminate\\Queue\\Worker->process('database', Object(Illuminate\\Queue\\Jobs\\DatabaseJob), Object(Illuminate\\Queue\\WorkerOptions))
#33 C:\\xampp\\htdocs\\email-sender\\vendor\\laravel\\framework\\src\\Illuminate\\Queue\\Worker.php(172): Illuminate\\Queue\\Worker->runJob(Object(Illuminate\\Queue\\Jobs\\DatabaseJob), 'database', Object(Illuminate\\Queue\\WorkerOptions))
#34 C:\\xampp\\htdocs\\email-sender\\vendor\\laravel\\framework\\src\\Illuminate\\Queue\\Console\\WorkCommand.php(117): Illuminate\\Queue\\Worker->daemon('database', 'default', Object(Illuminate\\Queue\\WorkerOptions))
#35 C:\\xampp\\htdocs\\email-sender\\vendor\\laravel\\framework\\src\\Illuminate\\Queue\\Console\\WorkCommand.php(101): Illuminate\\Queue\\Console\\WorkCommand->runWorker('database', 'default')
#36 C:\\xampp\\htdocs\\email-sender\\vendor\\laravel\\framework\\src\\Illuminate\\Container\\BoundMethod.php(36): Illuminate\\Queue\\Console\\WorkCommand->handle()
#37 C:\\xampp\\htdocs\\email-sender\\vendor\\laravel\\framework\\src\\Illuminate\\Container\\Util.php(40): Illuminate\\Container\\BoundMethod::Illuminate\\Container\\{closure}()
#38 C:\\xampp\\htdocs\\email-sender\\vendor\\laravel\\framework\\src\\Illuminate\\Container\\BoundMethod.php(93): Illuminate\\Container\\Util::unwrapIfClosure(Object(Closure))
#39 C:\\xampp\\htdocs\\email-sender\\vendor\\laravel\\framework\\src\\Illuminate\\Container\\BoundMethod.php(37): Illuminate\\Container\\BoundMethod::callBoundMethod(Object(Illuminate\\Foundation\\Application), Array, Object(Closure))
#40 C:\\xampp\\htdocs\\email-sender\\vendor\\laravel\\framework\\src\\Illuminate\\Container\\Container.php(653): Illuminate\\Container\\BoundMethod::call(Object(Illuminate\\Foundation\\Application), Array, Array, NULL)
#41 C:\\xampp\\htdocs\\email-sender\\vendor\\laravel\\framework\\src\\Illuminate\\Console\\Command.php(136): Illuminate\\Container\\Container->call(Array)
#42 C:\\xampp\\htdocs\\email-sender\\vendor\\symfony\\console\\Command\\Command.php(298): Illuminate\\Console\\Command->execute(Object(Symfony\\Component\\Console\\Input\\ArgvInput), Object(Illuminate\\Console\\OutputStyle))
#43 C:\\xampp\\htdocs\\email-sender\\vendor\\laravel\\framework\\src\\Illuminate\\Console\\Command.php(121): Symfony\\Component\\Console\\Command\\Command->run(Object(Symfony\\Component\\Console\\Input\\ArgvInput), Object(Illuminate\\Console\\OutputStyle))
#44 C:\\xampp\\htdocs\\email-sender\\vendor\\symfony\\console\\Application.php(1015): Illuminate\\Console\\Command->run(Object(Symfony\\Component\\Console\\Input\\ArgvInput), Object(Symfony\\Component\\Console\\Output\\ConsoleOutput))
#45 C:\\xampp\\htdocs\\email-sender\\vendor\\symfony\\console\\Application.php(299): Symfony\\Component\\Console\\Application->doRunCommand(Object(Illuminate\\Queue\\Console\\WorkCommand), Object(Symfony\\Component\\Console\\Input\\ArgvInput), Object(Symfony\\Component\\Console\\Output\\ConsoleOutput))
#46 C:\\xampp\\htdocs\\email-sender\\vendor\\symfony\\console\\Application.php(171): Symfony\\Component\\Console\\Application->doRun(Object(Symfony\\Component\\Console\\Input\\ArgvInput), Object(Symfony\\Component\\Console\\Output\\ConsoleOutput))
#47 C:\\xampp\\htdocs\\email-sender\\vendor\\laravel\\framework\\src\\Illuminate\\Console\\Application.php(94): Symfony\\Component\\Console\\Application->run(Object(Symfony\\Component\\Console\\Input\\ArgvInput), Object(Symfony\\Component\\Console\\Output\\ConsoleOutput))
#48 C:\\xampp\\htdocs\\email-sender\\vendor\\laravel\\framework\\src\\Illuminate\\Foundation\\Console\\Kernel.php(129): Illuminate\\Console\\Application->run(Object(Symfony\\Component\\Console\\Input\\ArgvInput), Object(Symfony\\Component\\Console\\Output\\ConsoleOutput))
#49 C:\\xampp\\htdocs\\email-sender\\artisan(37): Illuminate\\Foundation\\Console\\Kernel->handle(Object(Symfony\\Component\\Console\\Input\\ArgvInput), Object(Symfony\\Component\\Console\\Output\\ConsoleOutput))
#50 {main}
"} 
[2022-02-15 14:20:27] local.INFO: Message-ID: <e43fbd61c1565f93b92c76bc7b66d267@swift.generated>
Date: Tue, 15 Feb 2022 14:20:27 +0000
Subject: Test Email
From: Kasim C <14co19@gmail.com>
To: K37fKZLnb4@gmail.com
MIME-Version: 1.0
Content-Type: text/html; charset=utf-8
Content-Transfer-Encoding: quoted-printable
  
[2022-02-15 14:20:30] local.ERROR: Expected response code 354 but got code "550", with message "550 5.4.5 Daily user sending quota exceeded. s37sm44416950pfg.144 - gsmtp
" {"exception":"[object] (Swift_TransportException(code: 550): Expected response code 354 but got code \"550\", with message \"550 5.4.5 Daily user sending quota exceeded. s37sm44416950pfg.144 - gsmtp
\" at C:\\xampp\\htdocs\\email-sender\\vendor\\swiftmailer\\swiftmailer\\lib\\classes\\Swift\\Transport\\AbstractSmtpTransport.php:459)
[stacktrace]
#0 C:\\xampp\\htdocs\\email-sender\\vendor\\swiftmailer\\swiftmailer\\lib\\classes\\Swift\\Transport\\AbstractSmtpTransport.php(344): Swift_Transport_AbstractSmtpTransport->assertResponseCode('550 5.4.5 Daily...', Array)
#1 C:\\xampp\\htdocs\\email-sender\\vendor\\swiftmailer\\swiftmailer\\lib\\classes\\Swift\\Transport\\EsmtpTransport.php(305): Swift_Transport_AbstractSmtpTransport->executeCommand('DATA\\
', Array, Array, false, NULL)
#2 C:\\xampp\\htdocs\\email-sender\\vendor\\swiftmailer\\swiftmailer\\lib\\classes\\Swift\\Transport\\AbstractSmtpTransport.php(392): Swift_Transport_EsmtpTransport->executeCommand('DATA\\
', Array, Array)
#3 C:\\xampp\\htdocs\\email-sender\\vendor\\swiftmailer\\swiftmailer\\lib\\classes\\Swift\\Transport\\AbstractSmtpTransport.php(499): Swift_Transport_AbstractSmtpTransport->doDataCommand(Array)
#4 C:\\xampp\\htdocs\\email-sender\\vendor\\swiftmailer\\swiftmailer\\lib\\classes\\Swift\\Transport\\AbstractSmtpTransport.php(518): Swift_Transport_AbstractSmtpTransport->doMailTransaction(Object(Swift_Message), '14co19@gmail.co...', Array, Array)
#5 C:\\xampp\\htdocs\\email-sender\\vendor\\swiftmailer\\swiftmailer\\lib\\classes\\Swift\\Transport\\AbstractSmtpTransport.php(206): Swift_Transport_AbstractSmtpTransport->sendTo(Object(Swift_Message), '14co19@gmail.co...', Array, Array)
#6 C:\\xampp\\htdocs\\email-sender\\vendor\\swiftmailer\\swiftmailer\\lib\\classes\\Swift\\Mailer.php(71): Swift_Transport_AbstractSmtpTransport->send(Object(Swift_Message), Array)
#7 C:\\xampp\\htdocs\\email-sender\\vendor\\laravel\\framework\\src\\Illuminate\\Mail\\Mailer.php(521): Swift_Mailer->send(Object(Swift_Message), Array)
#8 C:\\xampp\\htdocs\\email-sender\\vendor\\laravel\\framework\\src\\Illuminate\\Mail\\Mailer.php(288): Illuminate\\Mail\\Mailer->sendSwiftMessage(Object(Swift_Message))
#9 C:\\xampp\\htdocs\\email-sender\\vendor\\laravel\\framework\\src\\Illuminate\\Mail\\Mailable.php(187): Illuminate\\Mail\\Mailer->send('templates.userM...', Array, Object(Closure))
#10 C:\\xampp\\htdocs\\email-sender\\vendor\\laravel\\framework\\src\\Illuminate\\Support\\Traits\\Localizable.php(19): Illuminate\\Mail\\Mailable->Illuminate\\Mail\\{closure}()
#11 C:\\xampp\\htdocs\\email-sender\\vendor\\laravel\\framework\\src\\Illuminate\\Mail\\Mailable.php(188): Illuminate\\Mail\\Mailable->withLocale(NULL, Object(Closure))
#12 C:\\xampp\\htdocs\\email-sender\\vendor\\laravel\\framework\\src\\Illuminate\\Mail\\Mailer.php(304): Illuminate\\Mail\\Mailable->send(Object(Illuminate\\Mail\\Mailer))
#13 C:\\xampp\\htdocs\\email-sender\\vendor\\laravel\\framework\\src\\Illuminate\\Mail\\Mailer.php(258): Illuminate\\Mail\\Mailer->sendMailable(Object(App\\Mail\\UsersTestMail))
#14 C:\\xampp\\htdocs\\email-sender\\vendor\\laravel\\framework\\src\\Illuminate\\Mail\\PendingMail.php(124): Illuminate\\Mail\\Mailer->send(Object(App\\Mail\\UsersTestMail))
#15 C:\\xampp\\htdocs\\email-sender\\app\\Jobs\\SendEmail.php(41): Illuminate\\Mail\\PendingMail->send(Object(App\\Mail\\UsersTestMail))
#16 C:\\xampp\\htdocs\\email-sender\\vendor\\laravel\\framework\\src\\Illuminate\\Container\\BoundMethod.php(36): App\\Jobs\\SendEmail->handle()
#17 C:\\xampp\\htdocs\\email-sender\\vendor\\laravel\\framework\\src\\Illuminate\\Container\\Util.php(40): Illuminate\\Container\\BoundMethod::Illuminate\\Container\\{closure}()
#18 C:\\xampp\\htdocs\\email-sender\\vendor\\laravel\\framework\\src\\Illuminate\\Container\\BoundMethod.php(93): Illuminate\\Container\\Util::unwrapIfClosure(Object(Closure))
#19 C:\\xampp\\htdocs\\email-sender\\vendor\\laravel\\framework\\src\\Illuminate\\Container\\BoundMethod.php(37): Illuminate\\Container\\BoundMethod::callBoundMethod(Object(Illuminate\\Foundation\\Application), Array, Object(Closure))
#20 C:\\xampp\\htdocs\\email-sender\\vendor\\laravel\\framework\\src\\Illuminate\\Container\\Container.php(653): Illuminate\\Container\\BoundMethod::call(Object(Illuminate\\Foundation\\Application), Array, Array, NULL)
#21 C:\\xampp\\htdocs\\email-sender\\vendor\\laravel\\framework\\src\\Illuminate\\Bus\\Dispatcher.php(128): Illuminate\\Container\\Container->call(Array)
#22 C:\\xampp\\htdocs\\email-sender\\vendor\\laravel\\framework\\src\\Illuminate\\Pipeline\\Pipeline.php(128): Illuminate\\Bus\\Dispatcher->Illuminate\\Bus\\{closure}(Object(App\\Jobs\\SendEmail))
#23 C:\\xampp\\htdocs\\email-sender\\vendor\\laravel\\framework\\src\\Illuminate\\Pipeline\\Pipeline.php(103): Illuminate\\Pipeline\\Pipeline->Illuminate\\Pipeline\\{closure}(Object(App\\Jobs\\SendEmail))
#24 C:\\xampp\\htdocs\\email-sender\\vendor\\laravel\\framework\\src\\Illuminate\\Bus\\Dispatcher.php(132): Illuminate\\Pipeline\\Pipeline->then(Object(Closure))
#25 C:\\xampp\\htdocs\\email-sender\\vendor\\laravel\\framework\\src\\Illuminate\\Queue\\CallQueuedHandler.php(120): Illuminate\\Bus\\Dispatcher->dispatchNow(Object(App\\Jobs\\SendEmail), false)
#26 C:\\xampp\\htdocs\\email-sender\\vendor\\laravel\\framework\\src\\Illuminate\\Pipeline\\Pipeline.php(128): Illuminate\\Queue\\CallQueuedHandler->Illuminate\\Queue\\{closure}(Object(App\\Jobs\\SendEmail))
#27 C:\\xampp\\htdocs\\email-sender\\vendor\\laravel\\framework\\src\\Illuminate\\Pipeline\\Pipeline.php(103): Illuminate\\Pipeline\\Pipeline->Illuminate\\Pipeline\\{closure}(Object(App\\Jobs\\SendEmail))
#28 C:\\xampp\\htdocs\\email-sender\\vendor\\laravel\\framework\\src\\Illuminate\\Queue\\CallQueuedHandler.php(122): Illuminate\\Pipeline\\Pipeline->then(Object(Closure))
#29 C:\\xampp\\htdocs\\email-sender\\vendor\\laravel\\framework\\src\\Illuminate\\Queue\\CallQueuedHandler.php(70): Illuminate\\Queue\\CallQueuedHandler->dispatchThroughMiddleware(Object(Illuminate\\Queue\\Jobs\\DatabaseJob), Object(App\\Jobs\\SendEmail))
#30 C:\\xampp\\htdocs\\email-sender\\vendor\\laravel\\framework\\src\\Illuminate\\Queue\\Jobs\\Job.php(98): Illuminate\\Queue\\CallQueuedHandler->call(Object(Illuminate\\Queue\\Jobs\\DatabaseJob), Array)
#31 C:\\xampp\\htdocs\\email-sender\\vendor\\laravel\\framework\\src\\Illuminate\\Queue\\Worker.php(428): Illuminate\\Queue\\Jobs\\Job->fire()
#32 C:\\xampp\\htdocs\\email-sender\\vendor\\laravel\\framework\\src\\Illuminate\\Queue\\Worker.php(378): Illuminate\\Queue\\Worker->process('database', Object(Illuminate\\Queue\\Jobs\\DatabaseJob), Object(Illuminate\\Queue\\WorkerOptions))
#33 C:\\xampp\\htdocs\\email-sender\\vendor\\laravel\\framework\\src\\Illuminate\\Queue\\Worker.php(172): Illuminate\\Queue\\Worker->runJob(Object(Illuminate\\Queue\\Jobs\\DatabaseJob), 'database', Object(Illuminate\\Queue\\WorkerOptions))
#34 C:\\xampp\\htdocs\\email-sender\\vendor\\laravel\\framework\\src\\Illuminate\\Queue\\Console\\WorkCommand.php(117): Illuminate\\Queue\\Worker->daemon('database', 'default', Object(Illuminate\\Queue\\WorkerOptions))
#35 C:\\xampp\\htdocs\\email-sender\\vendor\\laravel\\framework\\src\\Illuminate\\Queue\\Console\\WorkCommand.php(101): Illuminate\\Queue\\Console\\WorkCommand->runWorker('database', 'default')
#36 C:\\xampp\\htdocs\\email-sender\\vendor\\laravel\\framework\\src\\Illuminate\\Container\\BoundMethod.php(36): Illuminate\\Queue\\Console\\WorkCommand->handle()
#37 C:\\xampp\\htdocs\\email-sender\\vendor\\laravel\\framework\\src\\Illuminate\\Container\\Util.php(40): Illuminate\\Container\\BoundMethod::Illuminate\\Container\\{closure}()
#38 C:\\xampp\\htdocs\\email-sender\\vendor\\laravel\\framework\\src\\Illuminate\\Container\\BoundMethod.php(93): Illuminate\\Container\\Util::unwrapIfClosure(Object(Closure))
#39 C:\\xampp\\htdocs\\email-sender\\vendor\\laravel\\framework\\src\\Illuminate\\Container\\BoundMethod.php(37): Illuminate\\Container\\BoundMethod::callBoundMethod(Object(Illuminate\\Foundation\\Application), Array, Object(Closure))
#40 C:\\xampp\\htdocs\\email-sender\\vendor\\laravel\\framework\\src\\Illuminate\\Container\\Container.php(653): Illuminate\\Container\\BoundMethod::call(Object(Illuminate\\Foundation\\Application), Array, Array, NULL)
#41 C:\\xampp\\htdocs\\email-sender\\vendor\\laravel\\framework\\src\\Illuminate\\Console\\Command.php(136): Illuminate\\Container\\Container->call(Array)
#42 C:\\xampp\\htdocs\\email-sender\\vendor\\symfony\\console\\Command\\Command.php(298): Illuminate\\Console\\Command->execute(Object(Symfony\\Component\\Console\\Input\\ArgvInput), Object(Illuminate\\Console\\OutputStyle))
#43 C:\\xampp\\htdocs\\email-sender\\vendor\\laravel\\framework\\src\\Illuminate\\Console\\Command.php(121): Symfony\\Component\\Console\\Command\\Command->run(Object(Symfony\\Component\\Console\\Input\\ArgvInput), Object(Illuminate\\Console\\OutputStyle))
#44 C:\\xampp\\htdocs\\email-sender\\vendor\\symfony\\console\\Application.php(1015): Illuminate\\Console\\Command->run(Object(Symfony\\Component\\Console\\Input\\ArgvInput), Object(Symfony\\Component\\Console\\Output\\ConsoleOutput))
#45 C:\\xampp\\htdocs\\email-sender\\vendor\\symfony\\console\\Application.php(299): Symfony\\Component\\Console\\Application->doRunCommand(Object(Illuminate\\Queue\\Console\\WorkCommand), Object(Symfony\\Component\\Console\\Input\\ArgvInput), Object(Symfony\\Component\\Console\\Output\\ConsoleOutput))
#46 C:\\xampp\\htdocs\\email-sender\\vendor\\symfony\\console\\Application.php(171): Symfony\\Component\\Console\\Application->doRun(Object(Symfony\\Component\\Console\\Input\\ArgvInput), Object(Symfony\\Component\\Console\\Output\\ConsoleOutput))
#47 C:\\xampp\\htdocs\\email-sender\\vendor\\laravel\\framework\\src\\Illuminate\\Console\\Application.php(94): Symfony\\Component\\Console\\Application->run(Object(Symfony\\Component\\Console\\Input\\ArgvInput), Object(Symfony\\Component\\Console\\Output\\ConsoleOutput))
#48 C:\\xampp\\htdocs\\email-sender\\vendor\\laravel\\framework\\src\\Illuminate\\Foundation\\Console\\Kernel.php(129): Illuminate\\Console\\Application->run(Object(Symfony\\Component\\Console\\Input\\ArgvInput), Object(Symfony\\Component\\Console\\Output\\ConsoleOutput))
#49 C:\\xampp\\htdocs\\email-sender\\artisan(37): Illuminate\\Foundation\\Console\\Kernel->handle(Object(Symfony\\Component\\Console\\Input\\ArgvInput), Object(Symfony\\Component\\Console\\Output\\ConsoleOutput))
#50 {main}
"} 
